<?xml version="1.0" encoding="UTF-8"?>
<!-- Generated by org.testng.reporters.JUnitXMLReporter -->
<testsuite hostname="welcome-PC" ignored="0" name="Validate insurance coverage" tests="1" failures="1" timestamp="06 Mar 2019 17:11:14 GMT" time="70.865" errors="0">
  <testcase name="feature" time="69.476" classname="cucumber.api.testng.AbstractTestNGCucumberTests">
    <failure type="cucumber.runtime.CucumberException" message="java.lang.AssertionError: 
Expected: a string containing &amp;quot;Result for&amp;quot;
     but: was &amp;quot;Sorry record not found&amp;quot;">
      <![CDATA[cucumber.runtime.CucumberException: java.lang.AssertionError: 
Expected: a string containing "Result for"
     but: was "Sorry record not found"
at cucumber.api.testng.TestNGCucumberRunner.runCucumber(TestNGCucumberRunner.java:69)
at cucumber.api.testng.AbstractTestNGCucumberTests.feature(AbstractTestNGCucumberTests.java:21)
Caused by: java.lang.AssertionError: 
Expected: a string containing "Result for"
     but: was "Sorry record not found"
at org.hamcrest.MatcherAssert.assertThat(MatcherAssert.java:20)
at org.junit.Assert.assertThat(Assert.java:956)
at org.junit.Assert.assertThat(Assert.java:923)
at insuranceQA_VW.InsuranceCoverTest.validate_the_insurance_cover_start_date_and_end_date(InsuranceCoverTest.java:38)
at âœ½.Then Validate the Insurance cover Start date and End Date(InsuranceCover.feature:7)
... Removed 25 stack frames]]>
    </failure>
  </testcase> <!-- feature -->
</testsuite> <!-- Validate insurance coverage -->
